<?xml version="1.0" encoding="UTF-8"?>
<!-- Generated by org.testng.reporters.JUnitXMLReporter -->
<testsuite hostname="kve" ignored="0" name="Test" tests="4" failures="0" timestamp="25 May 2021 07:29:34 GMT" time="0.256" errors="0">
  <testcase name="t23" time="0.055" classname="com.org.test.Sample2"/>
  <testcase name="tc21" time="0.006" classname="com.org.test.Sample2"/>
  <testcase name="tc0" time="0.02" classname="com.org.test.Sample1"/>
  <testcase name="tc1" time="0.005" classname="com.org.test.Sample1"/>
</testsuite> <!-- Test -->
