<?xml version="1.0" encoding="UTF-8"?>
<testng-results skipped="0" failed="0" ignored="0" total="2" passed="2">
  <reporter-output>
  </reporter-output>
  <suite name="Default suite" duration-ms="264" started-at="2021-05-28T03:41:18Z" finished-at="2021-05-28T03:41:18Z">
    <groups>
    </groups>
    <test name="Default test" duration-ms="264" started-at="2021-05-28T03:41:18Z" finished-at="2021-05-28T03:41:18Z">
      <class name="com.org.test.Sample1">
        <test-method status="PASS" signature="tc0()[pri:0, instance:com.org.test.Sample1@224edc67]" name="tc0" duration-ms="26" started-at="2021-05-28T03:41:18Z" finished-at="2021-05-28T03:41:18Z">
          <reporter-output>
          </reporter-output>
        </test-method> <!-- tc0 -->
        <test-method status="PASS" signature="tc1()[pri:0, instance:com.org.test.Sample1@224edc67]" name="tc1" duration-ms="2" started-at="2021-05-28T03:41:18Z" finished-at="2021-05-28T03:41:18Z">
          <reporter-output>
          </reporter-output>
        </test-method> <!-- tc1 -->
      </class> <!-- com.org.test.Sample1 -->
    </test> <!-- Default test -->
  </suite> <!-- Default suite -->
</testng-results>
